0 info it worked if it ends with ok
1 verbose cli [ 'C:\\Program Files\\nodejs\\node.exe',
1 verbose cli   'C:\\Program Files\\nodejs\\node_modules\\npm\\bin\\npm-cli.js',
1 verbose cli   'run',
1 verbose cli   'build' ]
2 info using npm@3.10.10
3 info using node@v6.9.4
4 verbose run-script [ 'prebuild', 'build', 'postbuild' ]
5 info lifecycle electronmail@0.1.0~prebuild: electronmail@0.1.0
6 silly lifecycle electronmail@0.1.0~prebuild: no script for prebuild, continuing
7 info lifecycle electronmail@0.1.0~build: electronmail@0.1.0
8 verbose lifecycle electronmail@0.1.0~build: unsafe-perm in lifecycle true
9 verbose lifecycle electronmail@0.1.0~build: PATH: C:\Program Files\nodejs\node_modules\npm\bin\node-gyp-bin;C:\Users\gegen\Dropbox\works\web\electronmail\node_modules\.bin;C:\ProgramData\Oracle\Java\javapath;C:\Program Files (x86)\Razer Chroma SDK\bin;C:\Program Files\Razer Chroma SDK\bin;C:\Windows\system32;C:\Windows;C:\Windows\System32\Wbem;C:\Windows\System32\WindowsPowerShell\v1.0\;C:\Program Files (x86)\NVIDIA Corporation\PhysX\Common;C:\Users\Administrator\AppData\Local\Microsoft\WindowsApps;C:\Program Files\nodejs\;C:\Program Files\Git\cmd;C:\Program Files (x86)\GtkSharp\2.12\bin;%SystemRoot%\system32;%SystemRoot%;%SystemRoot%\System32\Wbem;%SYSTEMROOT%\System32\WindowsPowerShell\v1.0\;C:\Users\gegen\AppData\Local\Microsoft\WindowsApps;;C:\Program Files (x86)\Microsoft VS Code\bin;C:\Users\gegen\AppData\Roaming\npm
10 verbose lifecycle electronmail@0.1.0~build: CWD: C:\Users\gegen\Dropbox\works\web\electronmail
11 silly lifecycle electronmail@0.1.0~build: Args: [ '/d /s /c', 'webpack --env production' ]
12 silly lifecycle electronmail@0.1.0~build: Returned: code: 2  signal: null
13 info lifecycle electronmail@0.1.0~build: Failed to exec build script
14 verbose stack Error: electronmail@0.1.0 build: `webpack --env production`
14 verbose stack Exit status 2
14 verbose stack     at EventEmitter.<anonymous> (C:\Program Files\nodejs\node_modules\npm\lib\utils\lifecycle.js:255:16)
14 verbose stack     at emitTwo (events.js:106:13)
14 verbose stack     at EventEmitter.emit (events.js:191:7)
14 verbose stack     at ChildProcess.<anonymous> (C:\Program Files\nodejs\node_modules\npm\lib\utils\spawn.js:40:14)
14 verbose stack     at emitTwo (events.js:106:13)
14 verbose stack     at ChildProcess.emit (events.js:191:7)
14 verbose stack     at maybeClose (internal/child_process.js:877:16)
14 verbose stack     at Process.ChildProcess._handle.onexit (internal/child_process.js:226:5)
15 verbose pkgid electronmail@0.1.0
16 verbose cwd C:\Users\gegen\Dropbox\works\web\electronmail
17 error Windows_NT 10.0.15063
18 error argv "C:\\Program Files\\nodejs\\node.exe" "C:\\Program Files\\nodejs\\node_modules\\npm\\bin\\npm-cli.js" "run" "build"
19 error node v6.9.4
20 error npm  v3.10.10
21 error code ELIFECYCLE
22 error electronmail@0.1.0 build: `webpack --env production`
22 error Exit status 2
23 error Failed at the electronmail@0.1.0 build script 'webpack --env production'.
23 error Make sure you have the latest version of node.js and npm installed.
23 error If you do, this is most likely a problem with the electronmail package,
23 error not with npm itself.
23 error Tell the author that this fails on your system:
23 error     webpack --env production
23 error You can get information on how to open an issue for this project with:
23 error     npm bugs electronmail
23 error Or if that isn't available, you can get their info via:
23 error     npm owner ls electronmail
23 error There is likely additional logging output above.
24 verbose exit [ 1, true ]
